<?xml version="1.0" encoding="UTF-8"?>
<!-- Generated by org.testng.reporters.JUnitXMLReporter -->
<testsuite hostname="Nagesh" ignored="0" name="Default test" tests="6" failures="0" timestamp="28 May 2017 16:38:55 GMT" time="10.207" errors="0">
  <testcase name="getAllRepositories" time="3.377" classname="com.restassured.apitests.GitHubAPITests"/>
  <testcase name="getEmailFields" time="1.261" classname="com.restassured.apitests.GitHubAPITests"/>
  <testcase name="getResponseAsString" time="1.18" classname="com.restassured.apitests.GitHubAPITests"/>
  <testcase name="validateEmailAddress" time="1.261" classname="com.restassured.apitests.GitHubAPITests"/>
  <testcase name="validateSpecificRepo" time="1.392" classname="com.restassured.apitests.GitHubAPITests"/>
  <testcase name="validateVisibility" time="1.228" classname="com.restassured.apitests.GitHubAPITests"/>
</testsuite> <!-- Default test -->
