<?xml version="1.0" encoding="UTF-8"?>
<!-- Generated by org.testng.reporters.JUnitXMLReporter -->
<testsuite hostname="Nagesh" ignored="0" name="Default test" tests="4" failures="0" timestamp="29 Apr 2017 12:02:31 GMT" time="48.956" errors="0">
  <testcase name="testSignIn" time="13.133" classname="com.spicerack.testcases.SampleShoppingTest"/>
  <testcase name="testDressesPage" time="3.941" classname="com.spicerack.testcases.SampleShoppingTest"/>
  <testcase name="testTShirtPage" time="2.213" classname="com.spicerack.testcases.SampleShoppingTest"/>
  <testcase name="testWomenPage" time="2.78" classname="com.spicerack.testcases.SampleShoppingTest"/>
</testsuite> <!-- Default test -->
