<?xml version="1.0" encoding="UTF-8"?>
<!-- Generated by org.testng.reporters.JUnitXMLReporter -->
<testsuite hostname="Nagesh" ignored="0" name="Firefox Listners Test" tests="4" failures="0" timestamp="30 Apr 2017 20:42:27 GMT" time="50.603" errors="0">
  <testcase name="testSignIn" time="15.08" classname="com.normal.tests.test.SampleShoppingTest"/>
  <testcase name="testDressesPage" time="3.036" classname="com.normal.tests.test.SampleShoppingTest"/>
  <testcase name="testTShirtPage" time="1.833" classname="com.normal.tests.test.SampleShoppingTest"/>
  <testcase name="testWomenPage" time="2.278" classname="com.normal.tests.test.SampleShoppingTest"/>
</testsuite> <!-- Firefox Listners Test -->
