<?xml version="1.0" encoding="UTF-8"?>
<!-- Generated by org.testng.reporters.JUnitXMLReporter -->
<testsuite hostname="Nagesh" ignored="0" name="Tests" tests="5" failures="0" timestamp="09 May 2017 10:50:52 GMT" time="126.469" errors="0">
  <testcase name="runTests" time="37.038" classname="com.cucumber.bdd.tests.TestRunner"/>
  <testcase name="runTests" time="21.035" classname="com.cucumber.bdd.tests.TestRunner"/>
  <testcase name="runTests" time="19.972" classname="com.cucumber.bdd.tests.TestRunner"/>
  <testcase name="runTests" time="23.809" classname="com.cucumber.bdd.tests.TestRunner"/>
  <testcase name="runTests" time="24.05" classname="com.cucumber.bdd.tests.TestRunner"/>
</testsuite> <!-- Tests -->
