<?xml version="1.0" encoding="UTF-8"?>
<!-- Generated by org.testng.reporters.JUnitXMLReporter -->
<testsuite hostname="Nagesh" ignored="0" name="Tests" tests="5" failures="0" timestamp="01 May 2017 19:44:50 GMT" time="67.026" errors="0">
  <testcase name="runTests" time="16.541" classname="com.cucumber.bdd.tests.TestRunner"/>
  <testcase name="runTests" time="19.394" classname="com.cucumber.bdd.tests.TestRunner"/>
  <testcase name="runTests" time="14.147" classname="com.cucumber.bdd.tests.TestRunner"/>
  <testcase name="runTests" time="15.508" classname="com.cucumber.bdd.tests.TestRunner"/>
  <testcase name="test" time="0.018" classname="com.normal.tests.test.DatabaseTest"/>
</testsuite> <!-- Tests -->
