<?xml version="1.0" encoding="UTF-8"?>
<testng-results skipped="0" failed="0" ignored="1" total="5" passed="4">
  <reporter-output>
  </reporter-output>
  <suite name="Command line suite" duration-ms="48829" started-at="2017-04-29T12:50:57Z" finished-at="2017-04-29T12:51:46Z">
    <groups>
    </groups>
    <test name="Command line test" duration-ms="48829" started-at="2017-04-29T12:50:57Z" finished-at="2017-04-29T12:51:46Z">
      <class name="com.spicerack.testcases.InitializeTestCase">
        <test-method status="PASS" signature="initialize()[pri:0, instance:com.spicerack.testcases.InitializeTestCase@27ae2fd0]" name="initialize" is-config="true" duration-ms="14945" started-at="2017-04-29T18:20:57Z" finished-at="2017-04-29T18:21:12Z">
          <reporter-output>
          </reporter-output>
        </test-method> <!-- initialize -->
      </class> <!-- com.spicerack.testcases.InitializeTestCase -->
      <class name="com.spicerack.testcases.SampleShoppingTest">
        <test-method status="PASS" signature="testSignIn()[pri:0, instance:com.spicerack.testcases.SampleShoppingTest@29176cc1]" name="testSignIn" duration-ms="13532" started-at="2017-04-29T18:21:12Z" finished-at="2017-04-29T18:21:25Z">
          <reporter-output>
          </reporter-output>
        </test-method> <!-- testSignIn -->
        <test-method status="PASS" signature="tearDown(org.testng.ITestResult)[pri:0, instance:com.spicerack.testcases.SampleShoppingTest@29176cc1]" name="tearDown" is-config="true" duration-ms="2" started-at="2017-04-29T18:21:25Z" finished-at="2017-04-29T18:21:25Z">
          <params>
            <param index="0">
              <value>
                <![CDATA[[TestResult name=testSignIn status=SUCCESS method=SampleShoppingTest.testSignIn()[pri:0, instance:com.spicerack.testcases.SampleShoppingTest@29176cc1] output={null}]]]>
              </value>
            </param>
          </params>
          <reporter-output>
          </reporter-output>
        </test-method> <!-- tearDown -->
        <test-method status="PASS" signature="testDressesPage()[pri:0, instance:com.spicerack.testcases.SampleShoppingTest@29176cc1]" name="testDressesPage" duration-ms="3619" started-at="2017-04-29T18:21:25Z" depends-on-methods="com.spicerack.testcases.SampleShoppingTest.testSignIn" finished-at="2017-04-29T18:21:29Z">
          <reporter-output>
          </reporter-output>
        </test-method> <!-- testDressesPage -->
        <test-method status="PASS" signature="testTShirtPage()[pri:0, instance:com.spicerack.testcases.SampleShoppingTest@29176cc1]" name="testTShirtPage" duration-ms="2134" started-at="2017-04-29T18:21:29Z" depends-on-methods="com.spicerack.testcases.SampleShoppingTest.testSignIn" finished-at="2017-04-29T18:21:31Z">
          <reporter-output>
          </reporter-output>
        </test-method> <!-- testTShirtPage -->
        <test-method status="PASS" signature="tearDown(org.testng.ITestResult)[pri:0, instance:com.spicerack.testcases.SampleShoppingTest@29176cc1]" name="tearDown" is-config="true" duration-ms="0" started-at="2017-04-29T18:21:29Z" finished-at="2017-04-29T18:21:29Z">
          <params>
            <param index="0">
              <value>
                <![CDATA[[TestResult name=testDressesPage status=SUCCESS method=SampleShoppingTest.testDressesPage()[pri:0, instance:com.spicerack.testcases.SampleShoppingTest@29176cc1] output={null}]]]>
              </value>
            </param>
          </params>
          <reporter-output>
          </reporter-output>
        </test-method> <!-- tearDown -->
        <test-method status="PASS" signature="tearDown(org.testng.ITestResult)[pri:0, instance:com.spicerack.testcases.SampleShoppingTest@29176cc1]" name="tearDown" is-config="true" duration-ms="1" started-at="2017-04-29T18:21:31Z" finished-at="2017-04-29T18:21:31Z">
          <params>
            <param index="0">
              <value>
                <![CDATA[[TestResult name=testTShirtPage status=SUCCESS method=SampleShoppingTest.testTShirtPage()[pri:0, instance:com.spicerack.testcases.SampleShoppingTest@29176cc1] output={null}]]]>
              </value>
            </param>
          </params>
          <reporter-output>
          </reporter-output>
        </test-method> <!-- tearDown -->
        <test-method status="PASS" signature="testWomenPage()[pri:0, instance:com.spicerack.testcases.SampleShoppingTest@29176cc1]" name="testWomenPage" duration-ms="2739" started-at="2017-04-29T18:21:31Z" depends-on-methods="com.spicerack.testcases.SampleShoppingTest.testSignIn" finished-at="2017-04-29T18:21:34Z">
          <reporter-output>
          </reporter-output>
        </test-method> <!-- testWomenPage -->
        <test-method status="PASS" signature="tearDown(org.testng.ITestResult)[pri:0, instance:com.spicerack.testcases.SampleShoppingTest@29176cc1]" name="tearDown" is-config="true" duration-ms="0" started-at="2017-04-29T18:21:34Z" finished-at="2017-04-29T18:21:34Z">
          <params>
            <param index="0">
              <value>
                <![CDATA[[TestResult name=testWomenPage status=SUCCESS method=SampleShoppingTest.testWomenPage()[pri:0, instance:com.spicerack.testcases.SampleShoppingTest@29176cc1] output={null}]]]>
              </value>
            </param>
          </params>
          <reporter-output>
          </reporter-output>
        </test-method> <!-- tearDown -->
        <test-method status="PASS" signature="cleanUp()[pri:0, instance:com.spicerack.testcases.SampleShoppingTest@29176cc1]" name="cleanUp" is-config="true" duration-ms="11829" started-at="2017-04-29T18:21:34Z" finished-at="2017-04-29T18:21:46Z">
          <reporter-output>
          </reporter-output>
        </test-method> <!-- cleanUp -->
      </class> <!-- com.spicerack.testcases.SampleShoppingTest -->
    </test> <!-- Command line test -->
  </suite> <!-- Command line suite -->
</testng-results>
