<?xml version="1.0" encoding="UTF-8"?>
<!-- Generated by org.testng.reporters.JUnitXMLReporter -->
<testsuite hostname="Nagesh" ignored="1" name="Command line test" tests="4" failures="0" timestamp="29 Apr 2017 12:51:46 GMT" time="48.829" errors="0">
  <testcase name="testSignIn" time="13.532" classname="com.spicerack.testcases.SampleShoppingTest"/>
  <testcase name="testDressesPage" time="3.619" classname="com.spicerack.testcases.SampleShoppingTest"/>
  <testcase name="testTShirtPage" time="2.134" classname="com.spicerack.testcases.SampleShoppingTest"/>
  <testcase name="testWomenPage" time="2.739" classname="com.spicerack.testcases.SampleShoppingTest"/>
  <testcase name="@BeforeTest initialize" time="0.0" classname="com.spicerack.testcases.InitializeTestCase">
    <ignored/>
  </testcase> <!-- @BeforeTest initialize -->
</testsuite> <!-- Command line test -->
