<?xml version="1.0" encoding="UTF-8"?>
<!-- Generated by org.testng.reporters.JUnitXMLReporter -->
<testsuite hostname="Nagesh" ignored="0" name="Command line test" tests="4" failures="0" timestamp="27 Apr 2017 12:15:00 GMT" time="113.265" errors="0">
  <testcase name="fillBasicInfo" time="9.392" classname="com.spicerack.testcases.SampleExpediaTest"/>
  <testcase name="testDressesPage" time="2.988" classname="com.spicerack.testcases.SampleShoppingTest"/>
  <testcase name="testTShirtPage" time="1.852" classname="com.spicerack.testcases.SampleShoppingTest"/>
  <testcase name="testWomenPage" time="2.247" classname="com.spicerack.testcases.SampleShoppingTest"/>
</testsuite> <!-- Command line test -->
