<?xml version="1.0" encoding="UTF-8"?>
<testng-results skipped="0" failed="0" ignored="0" total="1" passed="1">
  <reporter-output>
  </reporter-output>
  <suite name="Default suite" duration-ms="28243" started-at="2017-04-26T11:36:39Z" finished-at="2017-04-26T11:37:07Z">
    <groups>
    </groups>
    <test name="Default test" duration-ms="28243" started-at="2017-04-26T11:36:39Z" finished-at="2017-04-26T11:37:07Z">
      <class name="com.spicerack.testcases.SampleExpediaTest">
        <test-method status="PASS" signature="beforeMethod()[pri:0, instance:com.spicerack.testcases.SampleExpediaTest@754ba872]" name="beforeMethod" is-config="true" duration-ms="16604" started-at="2017-04-26T17:06:39Z" finished-at="2017-04-26T17:06:56Z">
          <reporter-output>
          </reporter-output>
        </test-method> <!-- beforeMethod -->
        <test-method status="PASS" signature="fillBasicInfo()[pri:0, instance:com.spicerack.testcases.SampleExpediaTest@754ba872]" name="fillBasicInfo" duration-ms="6909" started-at="2017-04-26T17:06:56Z" finished-at="2017-04-26T17:07:02Z">
          <reporter-output>
          </reporter-output>
        </test-method> <!-- fillBasicInfo -->
        <test-method status="PASS" signature="afterMethod()[pri:0, instance:com.spicerack.testcases.SampleExpediaTest@754ba872]" name="afterMethod" is-config="true" duration-ms="4705" started-at="2017-04-26T17:07:02Z" finished-at="2017-04-26T17:07:07Z">
          <reporter-output>
          </reporter-output>
        </test-method> <!-- afterMethod -->
      </class> <!-- com.spicerack.testcases.SampleExpediaTest -->
    </test> <!-- Default test -->
  </suite> <!-- Default suite -->
</testng-results>
